N E X T F L O W  ~  version 21.10.6
Launching `main.nf` [condescending_pare] - revision: f54948c87b

STARTING PIPELINE
=*=*=*=*=*=*=*=*=

Sample list: /home/pipelines/mutation_detector_nextflow/sample_list.csv
BED file: /home/pipelines/mutation_detector_nextflow/bedfile/ablnew.bed
Sequences in:/home/pipelines/mutation_detector_nextflow/sequences/


WARN: Access to undefined parameter `help` -- Initialise it to a default value eg. `params.help = some_value`
[b3/7eac45] Submitted process > AMPLICON:trimming_trimmomatic (9)
[bc/cbed6b] Submitted process > AMPLICON:trimming_trimmomatic (10)
[3b/f61c80] Submitted process > AMPLICON:trimming_trimmomatic (1)
[48/ee7358] Submitted process > AMPLICON:trimming_trimmomatic (7)
[1a/75f05d] Submitted process > AMPLICON:trimming_trimmomatic (4)
[de/28fc70] Submitted process > AMPLICON:trimming_trimmomatic (2)
[54/5e199e] Submitted process > AMPLICON:trimming_trimmomatic (8)
[ee/0edada] Submitted process > AMPLICON:trimming_trimmomatic (3)
[86/eb390f] Submitted process > AMPLICON:trimming_trimmomatic (5)
[fa/e87ba1] Submitted process > AMPLICON:trimming_trimmomatic (6)
[22/15c49f] Submitted process > AMPLICON:trimming_trimmomatic (11)
[36/c9f90e] Submitted process > AMPLICON:pair_assembly_flash (1)
[71/7eb965] Submitted process > AMPLICON:trimming_trimmomatic (12)
[6f/fa593d] Submitted process > AMPLICON:trimming_trimmomatic (13)
[2d/44b492] Submitted process > AMPLICON:pair_assembly_flash (2)
[84/5b3faf] Submitted process > AMPLICON:trimming_trimmomatic (14)
[8b/2e2370] Submitted process > AMPLICON:pair_assembly_flash (3)
[8e/dac780] Submitted process > AMPLICON:pair_assembly_flash (4)
[93/944f48] Submitted process > AMPLICON:mapping_reads (1)
[33/942e04] Submitted process > AMPLICON:mapping_reads (2)
[64/6ae444] Submitted process > AMPLICON:mapping_reads (3)
[a9/7904b7] Submitted process > AMPLICON:trimming_trimmomatic (15)
[16/68f1a2] Submitted process > AMPLICON:mapping_reads (4)
[47/53d644] Submitted process > AMPLICON:pair_assembly_flash (5)
[15/d98956] Submitted process > AMPLICON:trimming_trimmomatic (16)
[5d/76092c] Submitted process > AMPLICON:pair_assembly_flash (6)
[bc/30b5f9] Submitted process > AMPLICON:pair_assembly_flash (7)
[d5/73d6fd] Submitted process > AMPLICON:mapping_reads (5)
[97/ec5154] Submitted process > AMPLICON:mapping_reads (6)
[ae/5c638c] Submitted process > AMPLICON:mapping_reads (7)
[da/cd221c] Submitted process > AMPLICON:pair_assembly_flash (8)
[9d/cd81cb] Submitted process > AMPLICON:pair_assembly_flash (9)
[66/9dc2f3] Submitted process > AMPLICON:pair_assembly_flash (10)
[20/1a14c4] Submitted process > AMPLICON:pair_assembly_flash (11)
[6a/7ffe63] Submitted process > AMPLICON:mapping_reads (8)
[02/2effac] Submitted process > AMPLICON:mapping_reads (9)
[4a/14fa89] Submitted process > AMPLICON:pair_assembly_flash (12)
[95/348917] Submitted process > AMPLICON:pair_assembly_flash (13)
[56/a3bd7c] Submitted process > AMPLICON:mapping_reads (10)
[24/31a2f1] Submitted process > AMPLICON:pair_assembly_flash (14)
[47/79c1cc] Submitted process > AMPLICON:pair_assembly_flash (15)
[07/6cb599] Submitted process > AMPLICON:mapping_reads (11)
[2c/1bfc3d] Submitted process > AMPLICON:mapping_reads (12)
[42/55df00] Submitted process > AMPLICON:mapping_reads (13)
[9c/25b8c9] Submitted process > AMPLICON:mapping_reads (14)
[d8/4f3dc1] Submitted process > AMPLICON:mapping_reads (15)
[22/699be5] Submitted process > AMPLICON:samtools_sort (1)
[09/def890] Submitted process > AMPLICON:pair_assembly_flash (16)
[41/1984f1] Submitted process > AMPLICON:samtools_sort (2)
[5b/bdf26d] Submitted process > AMPLICON:samtools_sort (3)
[9c/415084] Submitted process > AMPLICON:samtools_sort (4)
[96/8f3136] Submitted process > AMPLICON:samtools_sort (5)
[7f/7dad74] Submitted process > AMPLICON:mapping_reads (16)
[54/41aeb9] Submitted process > AMPLICON:samtools_sort (6)
[9b/764ad3] Submitted process > AMPLICON:samtools_sort (7)
[23/0988ad] Submitted process > AMPLICON:samtools_sort (8)
[a8/91d05a] Submitted process > AMPLICON:vardict_run_amplicon (1)
[bd/9cbc51] Submitted process > AMPLICON:coverage (1)
[1a/e40819] Submitted process > AMPLICON:lofreq_run_amplicon (1)
[26/705eaf] Submitted process > AMPLICON:mutect_run_amplicon (1)
[9b/84591f] Submitted process > AMPLICON:coverage (2)
[1d/989cc9] Submitted process > AMPLICON:lofreq_run_amplicon (2)
[3d/d6ca77] Submitted process > AMPLICON:mutect_run_amplicon (2)
[f4/ebd09f] Submitted process > AMPLICON:vardict_run_amplicon (2)
[50/8cf013] Submitted process > AMPLICON:samtools_sort (9)
[6d/42e108] Submitted process > AMPLICON:samtools_sort (10)
[27/ab2320] Submitted process > AMPLICON:coverage (3)
[0e/b4a95c] Submitted process > AMPLICON:mutect_run_amplicon (3)
[cf/a129e4] Submitted process > AMPLICON:lofreq_run_amplicon (3)
[3c/1945dd] Submitted process > AMPLICON:vardict_run_amplicon (3)
[5b/aa66ff] Submitted process > AMPLICON:samtools_sort (11)
[97/adb5a4] Submitted process > AMPLICON:coverage (4)
[1a/bb2aaf] Submitted process > AMPLICON:vardict_run_amplicon (4)
[4c/5c6ab8] Submitted process > AMPLICON:lofreq_run_amplicon (4)
[c3/ea9780] Submitted process > AMPLICON:mutect_run_amplicon (4)
[fe/593294] Submitted process > AMPLICON:samtools_sort (12)
[36/22a633] Submitted process > AMPLICON:coverage (5)
[69/36174c] Submitted process > AMPLICON:lofreq_run_amplicon (5)
[52/a0692a] Submitted process > AMPLICON:vardict_run_amplicon (5)
[c7/2076c3] Submitted process > AMPLICON:mutect_run_amplicon (5)
[3a/0e339e] Submitted process > AMPLICON:samtools_sort (13)
[37/827dd6] Submitted process > AMPLICON:samtools_sort (14)
[b0/2c3405] Submitted process > AMPLICON:samtools_sort (15)
[5d/9bb4e2] Submitted process > AMPLICON:vardict_run_amplicon (6)
[0e/9cdb57] Submitted process > AMPLICON:lofreq_run_amplicon (6)
[52/37576e] Submitted process > AMPLICON:coverage (6)
[8c/16c2ee] Submitted process > AMPLICON:mutect_run_amplicon (6)
[56/aa1aec] Submitted process > AMPLICON:mutect_run_amplicon (7)
[e1/ae3092] Submitted process > AMPLICON:vardict_run_amplicon (7)
[d4/d73639] Submitted process > AMPLICON:coverage (7)
[2e/512d1e] Submitted process > AMPLICON:lofreq_run_amplicon (7)
[29/23a450] Submitted process > AMPLICON:vardict_run_amplicon (8)
[04/56d114] Submitted process > AMPLICON:coverage (8)
[72/3c6a0e] Submitted process > AMPLICON:mutect_run_amplicon (8)
[79/98b9b1] Submitted process > AMPLICON:lofreq_run_amplicon (8)
[93/e1a7c2] Submitted process > AMPLICON:lofreq_run_amplicon (9)
[79/2a1639] Submitted process > AMPLICON:mutect_run_amplicon (9)
[94/384350] Submitted process > AMPLICON:coverage (9)
[4e/85cf6c] Submitted process > AMPLICON:vardict_run_amplicon (9)
[bc/0a011d] Submitted process > AMPLICON:lofreq_run_amplicon (10)
[47/a16776] Submitted process > AMPLICON:coverage (10)
[a7/650621] Submitted process > AMPLICON:vardict_run_amplicon (10)
[86/d18598] Submitted process > AMPLICON:mutect_run_amplicon (10)
[15/362629] Submitted process > AMPLICON:samtools_sort (16)
[36/d30af9] Submitted process > AMPLICON:vardict_run_amplicon (11)
[d4/e408b6] Submitted process > AMPLICON:lofreq_run_amplicon (11)
[b4/14bcf2] Submitted process > AMPLICON:coverage (11)
[91/8b455f] Submitted process > AMPLICON:mutect_run_amplicon (11)
[89/acf557] Submitted process > AMPLICON:coverage (12)
[63/400b9e] Submitted process > AMPLICON:mutect_run_amplicon (12)
[27/0a1f12] Submitted process > AMPLICON:lofreq_run_amplicon (12)
[25/f02e0b] Submitted process > AMPLICON:vardict_run_amplicon (12)
[d4/e1097b] Submitted process > AMPLICON:coverage (13)
[d8/fad425] Submitted process > AMPLICON:lofreq_run_amplicon (13)
[1e/579a59] Submitted process > AMPLICON:vardict_run_amplicon (13)
[e8/03480f] Submitted process > AMPLICON:mutect_run_amplicon (13)
[4f/d59778] Submitted process > AMPLICON:mutect_run_amplicon (14)
[62/5e8374] Submitted process > AMPLICON:vardict_run_amplicon (14)
[8b/257915] Submitted process > AMPLICON:lofreq_run_amplicon (14)
[c4/8bbc25] Submitted process > AMPLICON:coverage (14)
[60/21f579] Submitted process > AMPLICON:format_MutectOutput_amplicon (1)
[02/d424a2] Submitted process > AMPLICON:coverage (15)
[a3/0dcaef] Submitted process > AMPLICON:lofreq_run_amplicon (15)
[b9/b0d919] Submitted process > AMPLICON:vardict_run_amplicon (15)
[ec/2e4d9f] Submitted process > AMPLICON:mutect_run_amplicon (15)
[35/632e3a] Submitted process > AMPLICON:format_MutectOutput_amplicon (2)
[4c/4a066e] Submitted process > AMPLICON:format_VardictOutput_amplicon (1)
[39/675bba] Submitted process > AMPLICON:format_VardictOutput_amplicon (2)
[78/b09fa0] Submitted process > AMPLICON:format_LofreqOutput_amplicon (1)
[aa/32c4e5] Submitted process > AMPLICON:format_VardictOutput_amplicon (3)
[42/33a06f] Submitted process > AMPLICON:format_VardictOutput_amplicon (4)
[84/faa39b] Submitted process > AMPLICON:format_VardictOutput_amplicon (5)
[86/0b6603] Submitted process > AMPLICON:format_VardictOutput_amplicon (6)
[97/60f028] Submitted process > AMPLICON:format_MutectOutput_amplicon (3)
[00/413226] Submitted process > AMPLICON:format_VardictOutput_amplicon (7)
[cc/4cd2a1] Submitted process > AMPLICON:coverage (16)
[c9/3ebd86] Submitted process > AMPLICON:mutect_run_amplicon (16)
[6f/2f1b65] Submitted process > AMPLICON:vardict_run_amplicon (16)
[69/feb355] Submitted process > AMPLICON:lofreq_run_amplicon (16)
[fe/39189a] Submitted process > AMPLICON:format_VardictOutput_amplicon (8)
[df/0c56f1] Submitted process > AMPLICON:format_LofreqOutput_amplicon (2)
[73/2ed93a] Submitted process > AMPLICON:format_LofreqOutput_amplicon (3)
[6c/efd9d7] Submitted process > AMPLICON:format_VardictOutput_amplicon (9)
[ca/42048e] Submitted process > AMPLICON:format_LofreqOutput_amplicon (4)
[da/4e8f40] Submitted process > AMPLICON:format_LofreqOutput_amplicon (5)
[50/3f80b7] Submitted process > AMPLICON:format_VardictOutput_amplicon (10)
[cd/b8299f] Submitted process > AMPLICON:format_LofreqOutput_amplicon (6)
[b2/f3a6e7] Submitted process > AMPLICON:format_LofreqOutput_amplicon (7)
[1d/b2712f] Submitted process > AMPLICON:format_LofreqOutput_amplicon (8)
[a3/233e78] Submitted process > AMPLICON:format_VardictOutput_amplicon (11)
[d6/d67140] Submitted process > AMPLICON:combine_output_amplicon (1)
[76/8b0ff6] Submitted process > AMPLICON:format_VardictOutput_amplicon (12)
[55/5956d4] Submitted process > AMPLICON:format_VardictOutput_amplicon (13)
[fa/5cbbe7] Submitted process > AMPLICON:combine_output_amplicon (2)
[ed/6e0521] Submitted process > AMPLICON:combine_output_amplicon (3)
[9e/8df3a8] Submitted process > AMPLICON:format_LofreqOutput_amplicon (9)
[5b/c451d1] Submitted process > AMPLICON:merge_csvs_amplicon (1)
[d7/65ab97] Submitted process > AMPLICON:merge_csvs_amplicon (2)
[28/5d3b8d] Submitted process > AMPLICON:merge_csvs_amplicon (3)
[40/e83ecf] Submitted process > AMPLICON:remove_files (1)
[7d/749fef] Submitted process > AMPLICON:remove_files (2)
[e9/a3f1d2] Submitted process > AMPLICON:remove_files (3)
[79/325850] Submitted process > AMPLICON:format_LofreqOutput_amplicon (10)
[c9/0b5a39] Submitted process > AMPLICON:format_LofreqOutput_amplicon (11)
[17/838376] Submitted process > AMPLICON:format_VardictOutput_amplicon (14)
[f1/a78646] Submitted process > AMPLICON:format_VardictOutput_amplicon (15)
[69/7b7b6f] Submitted process > AMPLICON:format_VardictOutput_amplicon (16)
[6c/f36e4f] Submitted process > AMPLICON:format_LofreqOutput_amplicon (12)
[b5/84c3a9] Submitted process > AMPLICON:format_LofreqOutput_amplicon (13)
[ed/a604d1] Submitted process > AMPLICON:format_LofreqOutput_amplicon (14)
[22/ba64cd] Submitted process > AMPLICON:format_LofreqOutput_amplicon (15)
[32/4fff37] Submitted process > AMPLICON:format_LofreqOutput_amplicon (16)
[e4/b24f57] Submitted process > AMPLICON:format_MutectOutput_amplicon (4)
[a9/9e13fe] Submitted process > AMPLICON:combine_output_amplicon (4)
[fe/f7a44d] Submitted process > AMPLICON:merge_csvs_amplicon (4)
[d6/dd438d] Submitted process > AMPLICON:remove_files (4)
[0b/5bf940] Submitted process > AMPLICON:format_MutectOutput_amplicon (5)
[df/e199b7] Submitted process > AMPLICON:combine_output_amplicon (5)
[6a/c6aa8d] Submitted process > AMPLICON:merge_csvs_amplicon (5)
[6c/725306] Submitted process > AMPLICON:remove_files (5)
[fa/45507b] Submitted process > AMPLICON:format_MutectOutput_amplicon (6)
[b4/7610b5] Submitted process > AMPLICON:combine_output_amplicon (6)
[d8/080581] Submitted process > AMPLICON:merge_csvs_amplicon (6)
[bb/5bd7c3] Submitted process > AMPLICON:remove_files (6)
[40/c9ddb4] Submitted process > AMPLICON:format_MutectOutput_amplicon (7)
[47/ba4d5f] Submitted process > AMPLICON:combine_output_amplicon (7)
[17/28044c] Submitted process > AMPLICON:merge_csvs_amplicon (7)
[92/5a3ea9] Submitted process > AMPLICON:remove_files (7)
[71/60f470] Submitted process > AMPLICON:format_MutectOutput_amplicon (8)
[ed/d4fa1a] Submitted process > AMPLICON:combine_output_amplicon (8)
[48/de78f1] Submitted process > AMPLICON:merge_csvs_amplicon (8)
[e5/a3222e] Submitted process > AMPLICON:remove_files (8)
[57/e79f77] Submitted process > AMPLICON:format_MutectOutput_amplicon (9)
[e3/699840] Submitted process > AMPLICON:combine_output_amplicon (9)
[26/9cef1c] Submitted process > AMPLICON:merge_csvs_amplicon (9)
[02/a434d6] Submitted process > AMPLICON:remove_files (9)
[80/390a09] Submitted process > AMPLICON:format_MutectOutput_amplicon (10)
[4b/97540d] Submitted process > AMPLICON:combine_output_amplicon (10)
[b6/066fd1] Submitted process > AMPLICON:merge_csvs_amplicon (10)
[71/ba99b0] Submitted process > AMPLICON:remove_files (10)
[40/e63145] Submitted process > AMPLICON:format_MutectOutput_amplicon (11)
[22/98660e] Submitted process > AMPLICON:combine_output_amplicon (11)
[20/9b1994] Submitted process > AMPLICON:merge_csvs_amplicon (11)
[c9/9365c5] Submitted process > AMPLICON:remove_files (11)
[f9/d78f80] Submitted process > AMPLICON:format_MutectOutput_amplicon (12)
[6a/d6a4e6] Submitted process > AMPLICON:combine_output_amplicon (12)
[7a/c4a6f5] Submitted process > AMPLICON:merge_csvs_amplicon (12)
[6f/d5ba59] Submitted process > AMPLICON:remove_files (12)
[ca/031b18] Submitted process > AMPLICON:format_MutectOutput_amplicon (13)
[b8/a749a5] Submitted process > AMPLICON:combine_output_amplicon (13)
[46/856d7c] Submitted process > AMPLICON:merge_csvs_amplicon (13)
[11/af7a24] Submitted process > AMPLICON:remove_files (13)
[29/d9b8b3] Submitted process > AMPLICON:format_MutectOutput_amplicon (14)
[b0/0eceb9] Submitted process > AMPLICON:combine_output_amplicon (14)
[fe/8985be] Submitted process > AMPLICON:merge_csvs_amplicon (14)
[51/28dccc] Submitted process > AMPLICON:remove_files (14)
[4b/9bd2e5] Submitted process > AMPLICON:format_MutectOutput_amplicon (15)
[3e/85c34a] Submitted process > AMPLICON:combine_output_amplicon (15)
[cc/d321ed] Submitted process > AMPLICON:merge_csvs_amplicon (15)
[2b/774fe7] Submitted process > AMPLICON:remove_files (15)
[96/0b3736] Submitted process > AMPLICON:format_MutectOutput_amplicon (16)
[27/9f9a7d] Submitted process > AMPLICON:combine_output_amplicon (16)
[d9/4f0206] Submitted process > AMPLICON:merge_csvs_amplicon (16)
[ed/d0e28b] Submitted process > AMPLICON:remove_files (16)


Done! Output in the 'Final_Output' directory 

